Fruit/gradleBuild/outputs/logs/manifest-merger-debug-report.txt
-- Merging decision tree log ---
manifest
ADDED from AndroidManifest.xml:16:1-103:12
MERGED from [org.tensorflow:tensorflow-android:1.12.0] AndroidManifest.xml:2:1-8:12
MERGED from [com.firebaseui:firebase-ui-database:1.2.0] AndroidManifest.xml:2:1-19:12
MERGED from [com.firebaseui:firebase-ui-storage:1.2.0] AndroidManifest.xml:2:1-12:12
MERGED from [com.shobhitpuri.custombuttons:google-signin:1.0.0] AndroidManifest.xml:2:1-15:12
MERGED from [com.android.support:appcompat-v7:27.1.1] AndroidManifest.xml:17:1-22:12
MERGED from [com.android.support:cardview-v7:27.1.1] AndroidManifest.xml:17:1-22:12
MERGED from [com.android.support.constraint:constraint-layout:1.1.3] AndroidManifest.xml:2:1-11:12
MERGED from [com.android.support:recyclerview-v7:27.1.1] AndroidManifest.xml:17:1-22:12
MERGED from [com.google.firebase:firebase-core:16.0.3] AndroidManifest.xml:2:1-9:12
MERGED from [com.google.firebase:firebase-messaging:12.0.1] AndroidManifest.xml:17:1-37:12
MERGED from [com.google.firebase:firebase-database:16.0.1] AndroidManifest.xml:2:1-8:12
MERGED from [com.google.firebase:firebase-storage:16.0.1] AndroidManifest.xml:2:1-7:12
MERGED from [com.google.firebase:firebase-auth:16.0.1] AndroidManifest.xml:17:1-38:12
MERGED from [com.squareup.picasso:picasso:2.71828] AndroidManifest.xml:2:1-14:12
MERGED from [com.google.android.gms:play-services-maps:15.0.1] AndroidManifest.xml:17:1-32:12
MERGED from [com.google.android.gms:play-services-auth:15.0.1] AndroidManifest.xml:17:1-39:12
MERGED from [com.google.android.gms:play-services-flags:15.0.1] AndroidManifest.xml:17:1-22:12
MERGED from [com.google.firebase:firebase-auth-interop:16.0.0] AndroidManifest.xml:2:1-10:12
MERGED from [com.google.android.gms:play-services-auth-api-phone:15.0.1] AndroidManifest.xml:2:1-7:12
MERGED from [com.google.android.gms:play-services-auth-base:15.0.1] AndroidManifest.xml:2:1-7:12
MERGED from [com.google.firebase:firebase-measurement-connector-impl:17.0.1] AndroidManifest.xml:17:1-34:12
MERGED from [com.google.firebase:firebase-analytics:16.0.3] AndroidManifest.xml:17:1-55:12
MERGED from [com.google.android.gms:play-services-measurement-api:16.0.1] AndroidManifest.xml:17:1-25:12
MERGED from [com.google.firebase:firebase-analytics-impl:16.2.1] AndroidManifest.xml:17:1-40:12
MERGED from [com.google.firebase:firebase-iid:16.0.0] AndroidManifest.xml:17:1-65:12
MERGED from [com.google.firebase:firebase-iid-interop:16.0.0] AndroidManifest.xml:2:1-10:12
MERGED from [com.google.android.gms:play-services-base:15.0.1] AndroidManifest.xml:17:1-29:12
MERGED from [com.android.support:exifinterface:27.1.0] AndroidManifest.xml:17:1-22:12
MERGED from [com.google.android.gms:play-services-stats:15.0.1] AndroidManifest.xml:2:1-9:12
MERGED from [com.google.firebase:firebase-measurement-connector:17.0.0] AndroidManifest.xml:17:1-25:12
MERGED from [com.google.android.gms:play-services-ads-identifier:15.0.1] AndroidManifest.xml:17:1-24:12
MERGED from [com.google.firebase:firebase-database-connection:16.0.1] AndroidManifest.xml:2:1-10:12
MERGED from [com.google.firebase:firebase-common:16.0.1] AndroidManifest.xml:2:1-17:12
MERGED from [com.google.firebase:firebase-database-collection:15.0.1] AndroidManifest.xml:2:1-8:12
MERGED from [com.google.firebase:firebase-storage-common:16.0.1] AndroidManifest.xml:2:1-10:12
MERGED from [com.google.android.gms:play-services-tasks:15.0.1] AndroidManifest.xml:2:1-9:12
MERGED from [com.google.android.gms:play-services-basement:15.0.1] AndroidManifest.xml:17:1-28:12
MERGED from [com.android.support:support-v4:26.1.0] AndroidManifest.xml:17:1-31:12
MERGED from [com.android.support:support-media-compat:26.1.0] AndroidManifest.xml:17:1-31:12
MERGED from [com.android.support:animated-vector-drawable:27.1.1] AndroidManifest.xml:17:1-22:12
MERGED from [com.android.support:support-vector-drawable:27.1.1] AndroidManifest.xml:17:1-22:12
MERGED from [com.android.support:palette-v7:25.1.1] AndroidManifest.xml:17:1-25:12
MERGED from [com.android.support:support-fragment:27.1.1] AndroidManifest.xml:17:1-22:12
MERGED from [com.android.support:support-core-ui:27.1.1] AndroidManifest.xml:17:1-22:12
MERGED from [com.android.support:support-core-utils:27.1.1] AndroidManifest.xml:17:1-22:12
MERGED from [com.android.support:support-compat:27.1.1] AndroidManifest.xml:17:1-22:12
MERGED from [com.google.firebase:firebase-messaging-license:12.0.1] AndroidManifest.xml:17:1-24:12
MERGED from [com.google.android.gms:play-services-measurement-base:16.0.2] AndroidManifest.xml:2:1-9:12
MERGED from [android.arch.lifecycle:runtime:1.1.0] AndroidManifest.xml:17:1-22:12
MERGED from [android.arch.lifecycle:livedata-core:1.1.0] AndroidManifest.xml:17:1-22:12
MERGED from [android.arch.core:runtime:1.1.0] AndroidManifest.xml:17:1-22:12
MERGED from [android.arch.lifecycle:viewmodel:1.1.0] AndroidManifest.xml:17:1-22:12
	package
		ADDED from AndroidManifest.xml:18:5-29
	xmlns:tools
		ADDED from AndroidManifest.xml:17:5-51
	xmlns:android
		ADDED from AndroidManifest.xml:16:11-69
supports-screens
ADDED from AndroidManifest.xml:20:5-26:40
	android:largeScreens
		ADDED from AndroidManifest.xml:22:9-36
	android:smallScreens
		ADDED from AndroidManifest.xml:25:9-36
	android:normalScreens
		ADDED from AndroidManifest.xml:23:9-37
	android:xlargeScreens
		ADDED from AndroidManifest.xml:26:9-37
	android:resizeable
		ADDED from AndroidManifest.xml:24:9-34
	android:anyDensity
		ADDED from AndroidManifest.xml:21:9-34
uses-permission#android.permission.CAMERA
ADDED from AndroidManifest.xml:30:5-65
	android:name
		ADDED from AndroidManifest.xml:30:22-62
uses-feature#android.hardware.camera
ADDED from AndroidManifest.xml:32:5-34:36
	android:required
		ADDED from AndroidManifest.xml:34:9-33
	android:name
		ADDED from AndroidManifest.xml:33:9-47
uses-feature#android.hardware.camera.autofocus
ADDED from AndroidManifest.xml:35:5-37:36
	android:required
		ADDED from AndroidManifest.xml:37:9-33
	android:name
		ADDED from AndroidManifest.xml:36:9-57
uses-feature#android.software.leanback
ADDED from AndroidManifest.xml:38:5-40:36
	android:required
		ADDED from AndroidManifest.xml:40:9-33
	android:name
		ADDED from AndroidManifest.xml:39:9-49
uses-feature#android.hardware.touchscreen
ADDED from AndroidManifest.xml:41:5-43:36
	android:required
		ADDED from AndroidManifest.xml:43:9-33
	android:name
		ADDED from AndroidManifest.xml:42:9-52
uses-permission#android.permission.WRITE_EXTERNAL_STORAGE
ADDED from AndroidManifest.xml:45:5-81
	android:name
		ADDED from AndroidManifest.xml:45:22-78
uses-permission#android.permission.RECORD_AUDIO
ADDED from AndroidManifest.xml:46:5-71
	android:name
		ADDED from AndroidManifest.xml:46:22-68
uses-permission#android.permission.READ_PHONE_STATE
ADDED from AndroidManifest.xml:47:5-75
	android:name
		ADDED from AndroidManifest.xml:47:22-72
uses-permission#android.permission.READ_EXTERNAL_STORAGE
ADDED from AndroidManifest.xml:48:5-80
	android:name
		ADDED from AndroidManifest.xml:48:22-77
uses-permission#android.permission.INTERNET
ADDED from AndroidManifest.xml:49:5-67
MERGED from [com.firebaseui:firebase-ui-database:1.2.0] AndroidManifest.xml:11:5-67
MERGED from [com.firebaseui:firebase-ui-database:1.2.0] AndroidManifest.xml:11:5-67
MERGED from [com.google.android.gms:play-services-maps:15.0.1] AndroidManifest.xml:24:5-67
MERGED from [com.google.android.gms:play-services-maps:15.0.1] AndroidManifest.xml:24:5-67
MERGED from [com.google.firebase:firebase-measurement-connector-impl:17.0.1] AndroidManifest.xml:22:5-67
MERGED from [com.google.firebase:firebase-measurement-connector-impl:17.0.1] AndroidManifest.xml:22:5-67
MERGED from [com.google.firebase:firebase-analytics:16.0.3] AndroidManifest.xml:23:5-67
MERGED from [com.google.firebase:firebase-analytics:16.0.3] AndroidManifest.xml:23:5-67
MERGED from [com.google.firebase:firebase-analytics-impl:16.2.1] AndroidManifest.xml:23:5-67
MERGED from [com.google.firebase:firebase-analytics-impl:16.2.1] AndroidManifest.xml:23:5-67
MERGED from [com.google.firebase:firebase-iid:16.0.0] AndroidManifest.xml:23:5-67
MERGED from [com.google.firebase:firebase-iid:16.0.0] AndroidManifest.xml:23:5-67
MERGED from [com.google.firebase:firebase-database-connection:16.0.1] AndroidManifest.xml:8:5-67
MERGED from [com.google.firebase:firebase-database-connection:16.0.1] AndroidManifest.xml:8:5-67
MERGED from [com.google.firebase:firebase-storage-common:16.0.1] AndroidManifest.xml:8:5-67
MERGED from [com.google.firebase:firebase-storage-common:16.0.1] AndroidManifest.xml:8:5-67
	android:name
		ADDED from AndroidManifest.xml:49:22-64
application
ADDED from AndroidManifest.xml:51:5-101:19
MERGED from [org.tensorflow:tensorflow-android:1.12.0] AndroidManifest.xml:5:5-6:19
MERGED from [org.tensorflow:tensorflow-android:1.12.0] AndroidManifest.xml:5:5-6:19
MERGED from [com.firebaseui:firebase-ui-database:1.2.0] AndroidManifest.xml:13:5-17:19
MERGED from [com.firebaseui:firebase-ui-database:1.2.0] AndroidManifest.xml:13:5-17:19
MERGED from [com.shobhitpuri.custombuttons:google-signin:1.0.0] AndroidManifest.xml:11:5-13:38
MERGED from [com.shobhitpuri.custombuttons:google-signin:1.0.0] AndroidManifest.xml:11:5-13:38
MERGED from [com.android.support.constraint:constraint-layout:1.1.3] AndroidManifest.xml:9:5-20
MERGED from [com.android.support.constraint:constraint-layout:1.1.3] AndroidManifest.xml:9:5-20
MERGED from [com.google.firebase:firebase-core:16.0.3] AndroidManifest.xml:7:5-20
MERGED from [com.google.firebase:firebase-core:16.0.3] AndroidManifest.xml:7:5-20
MERGED from [com.google.firebase:firebase-messaging:12.0.1] AndroidManifest.xml:22:5-35:19
MERGED from [com.google.firebase:firebase-messaging:12.0.1] AndroidManifest.xml:22:5-35:19
MERGED from [com.google.firebase:firebase-auth:16.0.1] AndroidManifest.xml:22:5-36:19
MERGED from [com.google.firebase:firebase-auth:16.0.1] AndroidManifest.xml:22:5-36:19
MERGED from [com.squareup.picasso:picasso:2.71828] AndroidManifest.xml:7:5-12:19
MERGED from [com.squareup.picasso:picasso:2.71828] AndroidManifest.xml:7:5-12:19
MERGED from [com.google.android.gms:play-services-maps:15.0.1] AndroidManifest.xml:30:5-20
MERGED from [com.google.android.gms:play-services-maps:15.0.1] AndroidManifest.xml:30:5-20
MERGED from [com.google.android.gms:play-services-auth:15.0.1] AndroidManifest.xml:22:5-37:19
MERGED from [com.google.android.gms:play-services-auth:15.0.1] AndroidManifest.xml:22:5-37:19
MERGED from [com.google.firebase:firebase-auth-interop:16.0.0] AndroidManifest.xml:7:5-8:19
MERGED from [com.google.firebase:firebase-auth-interop:16.0.0] AndroidManifest.xml:7:5-8:19
MERGED from [com.google.firebase:firebase-measurement-connector-impl:17.0.1] AndroidManifest.xml:26:5-32:19
MERGED from [com.google.firebase:firebase-measurement-connector-impl:17.0.1] AndroidManifest.xml:26:5-32:19
MERGED from [com.google.firebase:firebase-analytics:16.0.3] AndroidManifest.xml:28:5-53:19
MERGED from [com.google.firebase:firebase-analytics:16.0.3] AndroidManifest.xml:28:5-53:19
MERGED from [com.google.android.gms:play-services-measurement-api:16.0.1] AndroidManifest.xml:22:5-23:19
MERGED from [com.google.android.gms:play-services-measurement-api:16.0.1] AndroidManifest.xml:22:5-23:19
MERGED from [com.google.firebase:firebase-analytics-impl:16.2.1] AndroidManifest.xml:28:5-38:19
MERGED from [com.google.firebase:firebase-analytics-impl:16.2.1] AndroidManifest.xml:28:5-38:19
MERGED from [com.google.firebase:firebase-iid:16.0.0] AndroidManifest.xml:34:5-63:19
MERGED from [com.google.firebase:firebase-iid:16.0.0] AndroidManifest.xml:34:5-63:19
MERGED from [com.google.firebase:firebase-iid-interop:16.0.0] AndroidManifest.xml:7:5-8:19
MERGED from [com.google.firebase:firebase-iid-interop:16.0.0] AndroidManifest.xml:7:5-8:19
MERGED from [com.google.android.gms:play-services-base:15.0.1] AndroidManifest.xml:22:5-27:19
MERGED from [com.google.android.gms:play-services-base:15.0.1] AndroidManifest.xml:22:5-27:19
MERGED from [com.google.android.gms:play-services-stats:15.0.1] AndroidManifest.xml:7:5-20
MERGED from [com.google.android.gms:play-services-stats:15.0.1] AndroidManifest.xml:7:5-20
MERGED from [com.google.firebase:firebase-measurement-connector:17.0.0] AndroidManifest.xml:22:5-23:19
MERGED from [com.google.firebase:firebase-measurement-connector:17.0.0] AndroidManifest.xml:22:5-23:19
MERGED from [com.google.android.gms:play-services-ads-identifier:15.0.1] AndroidManifest.xml:22:5-20
MERGED from [com.google.android.gms:play-services-ads-identifier:15.0.1] AndroidManifest.xml:22:5-20
MERGED from [com.google.firebase:firebase-common:16.0.1] AndroidManifest.xml:9:5-15:19
MERGED from [com.google.firebase:firebase-common:16.0.1] AndroidManifest.xml:9:5-15:19
MERGED from [com.google.android.gms:play-services-tasks:15.0.1] AndroidManifest.xml:7:5-20
MERGED from [com.google.android.gms:play-services-tasks:15.0.1] AndroidManifest.xml:7:5-20
MERGED from [com.google.android.gms:play-services-basement:15.0.1] AndroidManifest.xml:22:5-26:19
MERGED from [com.google.android.gms:play-services-basement:15.0.1] AndroidManifest.xml:22:5-26:19
MERGED from [com.android.support:support-v4:26.1.0] AndroidManifest.xml:25:5-29:19
MERGED from [com.android.support:support-v4:26.1.0] AndroidManifest.xml:25:5-29:19
MERGED from [com.android.support:support-media-compat:26.1.0] AndroidManifest.xml:25:5-29:19
MERGED from [com.android.support:support-media-compat:26.1.0] AndroidManifest.xml:25:5-29:19
MERGED from [com.android.support:palette-v7:25.1.1] AndroidManifest.xml:22:5-23:19
MERGED from [com.android.support:palette-v7:25.1.1] AndroidManifest.xml:22:5-23:19
MERGED from [com.google.firebase:firebase-messaging-license:12.0.1] AndroidManifest.xml:22:5-20
MERGED from [com.google.firebase:firebase-messaging-license:12.0.1] AndroidManifest.xml:22:5-20
MERGED from [com.google.android.gms:play-services-measurement-base:16.0.2] AndroidManifest.xml:7:5-20
MERGED from [com.google.android.gms:play-services-measurement-base:16.0.2] AndroidManifest.xml:7:5-20
	android:supportsRtl
		ADDED from [com.shobhitpuri.custombuttons:google-signin:1.0.0] AndroidManifest.xml:13:9-35
	android:label
		ADDED from AndroidManifest.xml:55:9-41
	android:debuggable
		ADDED from AndroidManifest.xml:53:9-34
	tools:ignore
		ADDED from AndroidManifest.xml:57:9-58
	android:icon
		ADDED from AndroidManifest.xml:54:9-41
	android:allowBackup
		ADDED from AndroidManifest.xml:52:9-35
	android:theme
		ADDED from AndroidManifest.xml:56:9-65
activity#com.cyut.fruit.LoginActivity
ADDED from AndroidManifest.xml:58:9-68:20
	android:screenOrientation
		ADDED from AndroidManifest.xml:61:13-49
	android:label
		ADDED from AndroidManifest.xml:60:13-65
	android:name
		ADDED from AndroidManifest.xml:59:13-42
intent-filter#action:name:android.intent.action.MAIN+category:name:android.intent.category.LAUNCHER+category:name:android.intent.category.LEANBACK_LAUNCHER
ADDED from AndroidManifest.xml:62:13-67:29
action#android.intent.action.MAIN
ADDED from AndroidManifest.xml:63:17-69
	android:name
		ADDED from AndroidManifest.xml:63:25-66
category#android.intent.category.LAUNCHER
ADDED from AndroidManifest.xml:65:17-77
	android:name
		ADDED from AndroidManifest.xml:65:27-74
category#android.intent.category.LEANBACK_LAUNCHER
ADDED from AndroidManifest.xml:66:17-86
	android:name
		ADDED from AndroidManifest.xml:66:27-83
activity#com.cyut.fruit.MainActivity
ADDED from AndroidManifest.xml:69:9-71:52
	android:screenOrientation
		ADDED from AndroidManifest.xml:71:13-49
	android:name
		ADDED from AndroidManifest.xml:70:13-41
activity#com.cyut.fruit.ClassifierActivity
ADDED from AndroidManifest.xml:72:9-74:52
	android:screenOrientation
		ADDED from AndroidManifest.xml:74:13-49
	android:name
		ADDED from AndroidManifest.xml:73:13-47
activity#com.cyut.fruit.PlaceActivity
ADDED from AndroidManifest.xml:75:9-77:52
	android:screenOrientation
		ADDED from AndroidManifest.xml:77:13-49
	android:name
		ADDED from AndroidManifest.xml:76:13-42
activity#com.cyut.fruit.TypeActivity
ADDED from AndroidManifest.xml:78:9-80:52
	android:screenOrientation
		ADDED from AndroidManifest.xml:80:13-49
	android:name
		ADDED from AndroidManifest.xml:79:13-41
activity#com.cyut.fruit.LibraryHome
ADDED from AndroidManifest.xml:81:9-83:52
	android:screenOrientation
		ADDED from AndroidManifest.xml:83:13-49
	android:name
		ADDED from AndroidManifest.xml:82:13-40
activity#com.cyut.fruit.CheckView
ADDED from AndroidManifest.xml:84:9-86:52
	android:screenOrientation
		ADDED from AndroidManifest.xml:86:13-49
	android:name
		ADDED from AndroidManifest.xml:85:13-38
activity#com.cyut.fruit.ImagesView
ADDED from AndroidManifest.xml:87:9-89:53
	android:screenOrientation
		ADDED from AndroidManifest.xml:89:13-50
	android:name
		ADDED from AndroidManifest.xml:88:13-39
activity#com.cyut.fruit.GiftActivity
ADDED from AndroidManifest.xml:90:9-92:52
	android:screenOrientation
		ADDED from AndroidManifest.xml:92:13-49
	android:name
		ADDED from AndroidManifest.xml:91:13-41
activity#com.cyut.fruit.RouletteCouponActivity
ADDED from AndroidManifest.xml:93:9-95:52
	android:screenOrientation
		ADDED from AndroidManifest.xml:95:13-49
	android:name
		ADDED from AndroidManifest.xml:94:13-51
activity#com.cyut.fruit.RegisterActivity
ADDED from AndroidManifest.xml:96:9-98:52
	android:screenOrientation
		ADDED from AndroidManifest.xml:98:13-49
	android:name
		ADDED from AndroidManifest.xml:97:13-45
activity#com.cyut.fruit.GiftDetailActivity
ADDED from AndroidManifest.xml:99:9-56
	android:name
		ADDED from AndroidManifest.xml:99:19-53
activity#com.cyut.fruit.ForgetPasswordActivity
ADDED from AndroidManifest.xml:100:9-69
	android:name
		ADDED from AndroidManifest.xml:100:19-57
uses-sdk
INJECTED from AndroidManifest.xml reason: use-sdk injection requested
INJECTED from AndroidManifest.xml
MERGED from [com.firebaseui:firebase-ui-database:1.2.0] AndroidManifest.xml:7:5-9:41
MERGED from [com.firebaseui:firebase-ui-database:1.2.0] AndroidManifest.xml:7:5-9:41
MERGED from [com.firebaseui:firebase-ui-storage:1.2.0] AndroidManifest.xml:8:5-10:41
MERGED from [com.firebaseui:firebase-ui-storage:1.2.0] AndroidManifest.xml:8:5-10:41
MERGED from [com.shobhitpuri.custombuttons:google-signin:1.0.0] AndroidManifest.xml:7:5-9:41
MERGED from [com.shobhitpuri.custombuttons:google-signin:1.0.0] AndroidManifest.xml:7:5-9:41
MERGED from [com.android.support:appcompat-v7:27.1.1] AndroidManifest.xml:20:5-44
MERGED from [com.android.support:appcompat-v7:27.1.1] AndroidManifest.xml:20:5-44
MERGED from [com.android.support:cardview-v7:27.1.1] AndroidManifest.xml:20:5-44
MERGED from [com.android.support:cardview-v7:27.1.1] AndroidManifest.xml:20:5-44
MERGED from [com.android.support.constraint:constraint-layout:1.1.3] AndroidManifest.xml:5:5-7:41
MERGED from [com.android.support.constraint:constraint-layout:1.1.3] AndroidManifest.xml:5:5-7:41
MERGED from [com.android.support:recyclerview-v7:27.1.1] AndroidManifest.xml:20:5-44
MERGED from [com.android.support:recyclerview-v7:27.1.1] AndroidManifest.xml:20:5-44
MERGED from [com.google.firebase:firebase-core:16.0.3] AndroidManifest.xml:5:5-44
MERGED from [com.google.firebase:firebase-core:16.0.3] AndroidManifest.xml:5:5-44
MERGED from [com.google.firebase:firebase-messaging:12.0.1] AndroidManifest.xml:20:5-44
MERGED from [com.google.firebase:firebase-messaging:12.0.1] AndroidManifest.xml:20:5-44
MERGED from [com.google.firebase:firebase-database:16.0.1] AndroidManifest.xml:6:5-44
MERGED from [com.google.firebase:firebase-database:16.0.1] AndroidManifest.xml:6:5-44
MERGED from [com.google.firebase:firebase-storage:16.0.1] AndroidManifest.xml:5:5-44
MERGED from [com.google.firebase:firebase-storage:16.0.1] AndroidManifest.xml:5:5-44
MERGED from [com.google.firebase:firebase-auth:16.0.1] AndroidManifest.xml:20:5-44
MERGED from [com.google.firebase:firebase-auth:16.0.1] AndroidManifest.xml:20:5-44
MERGED from [com.squareup.picasso:picasso:2.71828] AndroidManifest.xml:5:5-44
MERGED from [com.squareup.picasso:picasso:2.71828] AndroidManifest.xml:5:5-44
MERGED from [com.google.android.gms:play-services-maps:15.0.1] AndroidManifest.xml:20:5-44
MERGED from [com.google.android.gms:play-services-maps:15.0.1] AndroidManifest.xml:20:5-44
MERGED from [com.google.android.gms:play-services-auth:15.0.1] AndroidManifest.xml:20:5-44
MERGED from [com.google.android.gms:play-services-auth:15.0.1] AndroidManifest.xml:20:5-44
MERGED from [com.google.android.gms:play-services-flags:15.0.1] AndroidManifest.xml:20:5-44
MERGED from [com.google.android.gms:play-services-flags:15.0.1] AndroidManifest.xml:20:5-44
MERGED from [com.google.firebase:firebase-auth-interop:16.0.0] AndroidManifest.xml:5:5-44
MERGED from [com.google.firebase:firebase-auth-interop:16.0.0] AndroidManifest.xml:5:5-44
MERGED from [com.google.android.gms:play-services-auth-api-phone:15.0.1] AndroidManifest.xml:5:5-44
MERGED from [com.google.android.gms:play-services-auth-api-phone:15.0.1] AndroidManifest.xml:5:5-44
MERGED from [com.google.android.gms:play-services-auth-base:15.0.1] AndroidManifest.xml:5:5-44
MERGED from [com.google.android.gms:play-services-auth-base:15.0.1] AndroidManifest.xml:5:5-44
MERGED from [com.google.firebase:firebase-measurement-connector-impl:17.0.1] AndroidManifest.xml:20:5-44
MERGED from [com.google.firebase:firebase-measurement-connector-impl:17.0.1] AndroidManifest.xml:20:5-44
MERGED from [com.google.firebase:firebase-analytics:16.0.3] AndroidManifest.xml:20:5-44
MERGED from [com.google.firebase:firebase-analytics:16.0.3] AndroidManifest.xml:20:5-44
MERGED from [com.google.android.gms:play-services-measurement-api:16.0.1] AndroidManifest.xml:20:5-44
MERGED from [com.google.android.gms:play-services-measurement-api:16.0.1] AndroidManifest.xml:20:5-44
MERGED from [com.google.firebase:firebase-analytics-impl:16.2.1] AndroidManifest.xml:20:5-44
MERGED from [com.google.firebase:firebase-analytics-impl:16.2.1] AndroidManifest.xml:20:5-44
MERGED from [com.google.firebase:firebase-iid:16.0.0] AndroidManifest.xml:20:5-44
MERGED from [com.google.firebase:firebase-iid:16.0.0] AndroidManifest.xml:20:5-44
MERGED from [com.google.firebase:firebase-iid-interop:16.0.0] AndroidManifest.xml:5:5-44
MERGED from [com.google.firebase:firebase-iid-interop:16.0.0] AndroidManifest.xml:5:5-44
MERGED from [com.google.android.gms:play-services-base:15.0.1] AndroidManifest.xml:20:5-44
MERGED from [com.google.android.gms:play-services-base:15.0.1] AndroidManifest.xml:20:5-44
MERGED from [com.android.support:exifinterface:27.1.0] AndroidManifest.xml:20:5-44
MERGED from [com.android.support:exifinterface:27.1.0] AndroidManifest.xml:20:5-44
MERGED from [com.google.android.gms:play-services-stats:15.0.1] AndroidManifest.xml:5:5-44
MERGED from [com.google.android.gms:play-services-stats:15.0.1] AndroidManifest.xml:5:5-44
MERGED from [com.google.firebase:firebase-measurement-connector:17.0.0] AndroidManifest.xml:20:5-44
MERGED from [com.google.firebase:firebase-measurement-connector:17.0.0] AndroidManifest.xml:20:5-44
MERGED from [com.google.android.gms:play-services-ads-identifier:15.0.1] AndroidManifest.xml:20:5-44
MERGED from [com.google.android.gms:play-services-ads-identifier:15.0.1] AndroidManifest.xml:20:5-44
MERGED from [com.google.firebase:firebase-database-connection:16.0.1] AndroidManifest.xml:6:5-44
MERGED from [com.google.firebase:firebase-database-connection:16.0.1] AndroidManifest.xml:6:5-44
MERGED from [com.google.firebase:firebase-common:16.0.1] AndroidManifest.xml:5:5-7:41
MERGED from [com.google.firebase:firebase-common:16.0.1] AndroidManifest.xml:5:5-7:41
MERGED from [com.google.firebase:firebase-database-collection:15.0.1] AndroidManifest.xml:6:5-44
MERGED from [com.google.firebase:firebase-database-collection:15.0.1] AndroidManifest.xml:6:5-44
MERGED from [com.google.firebase:firebase-storage-common:16.0.1] AndroidManifest.xml:5:5-44
MERGED from [com.google.firebase:firebase-storage-common:16.0.1] AndroidManifest.xml:5:5-44
MERGED from [com.google.android.gms:play-services-tasks:15.0.1] AndroidManifest.xml:5:5-44
MERGED from [com.google.android.gms:play-services-tasks:15.0.1] AndroidManifest.xml:5:5-44
MERGED from [com.google.android.gms:play-services-basement:15.0.1] AndroidManifest.xml:20:5-44
MERGED from [com.google.android.gms:play-services-basement:15.0.1] AndroidManifest.xml:20:5-44
MERGED from [com.android.support:support-v4:26.1.0] AndroidManifest.xml:21:5-23:54
MERGED from [com.android.support:support-v4:26.1.0] AndroidManifest.xml:21:5-23:54
MERGED from [com.android.support:support-media-compat:26.1.0] AndroidManifest.xml:21:5-23:63
MERGED from [com.android.support:support-media-compat:26.1.0] AndroidManifest.xml:21:5-23:63
MERGED from [com.android.support:animated-vector-drawable:27.1.1] AndroidManifest.xml:20:5-44
MERGED from [com.android.support:animated-vector-drawable:27.1.1] AndroidManifest.xml:20:5-44
MERGED from [com.android.support:support-vector-drawable:27.1.1] AndroidManifest.xml:20:5-44
MERGED from [com.android.support:support-vector-drawable:27.1.1] AndroidManifest.xml:20:5-44
MERGED from [com.android.support:palette-v7:25.1.1] AndroidManifest.xml:20:5-43
MERGED from [com.android.support:palette-v7:25.1.1] AndroidManifest.xml:20:5-43
MERGED from [com.android.support:support-fragment:27.1.1] AndroidManifest.xml:20:5-44
MERGED from [com.android.support:support-fragment:27.1.1] AndroidManifest.xml:20:5-44
MERGED from [com.android.support:support-core-ui:27.1.1] AndroidManifest.xml:20:5-44
MERGED from [com.android.support:support-core-ui:27.1.1] AndroidManifest.xml:20:5-44
MERGED from [com.android.support:support-core-utils:27.1.1] AndroidManifest.xml:20:5-44
MERGED from [com.android.support:support-core-utils:27.1.1] AndroidManifest.xml:20:5-44
MERGED from [com.android.support:support-compat:27.1.1] AndroidManifest.xml:20:5-44
MERGED from [com.android.support:support-compat:27.1.1] AndroidManifest.xml:20:5-44
MERGED from [com.google.firebase:firebase-messaging-license:12.0.1] AndroidManifest.xml:20:5-44
MERGED from [com.google.firebase:firebase-messaging-license:12.0.1] AndroidManifest.xml:20:5-44
MERGED from [com.google.android.gms:play-services-measurement-base:16.0.2] AndroidManifest.xml:5:5-44
MERGED from [com.google.android.gms:play-services-measurement-base:16.0.2] AndroidManifest.xml:5:5-44
MERGED from [android.arch.lifecycle:runtime:1.1.0] AndroidManifest.xml:20:5-44
MERGED from [android.arch.lifecycle:runtime:1.1.0] AndroidManifest.xml:20:5-44
MERGED from [android.arch.lifecycle:livedata-core:1.1.0] AndroidManifest.xml:20:5-44
MERGED from [android.arch.lifecycle:livedata-core:1.1.0] AndroidManifest.xml:20:5-44
MERGED from [android.arch.core:runtime:1.1.0] AndroidManifest.xml:20:5-44
MERGED from [android.arch.core:runtime:1.1.0] AndroidManifest.xml:20:5-44
MERGED from [android.arch.lifecycle:viewmodel:1.1.0] AndroidManifest.xml:20:5-44
MERGED from [android.arch.lifecycle:viewmodel:1.1.0] AndroidManifest.xml:20:5-44
INJECTED from AndroidManifest.xml
	tools:overrideLibrary
		ADDED from [com.android.support:support-v4:26.1.0] AndroidManifest.xml:23:9-51
	android:targetSdkVersion
		ADDED from [com.firebaseui:firebase-ui-database:1.2.0] AndroidManifest.xml:9:9-38
	android:minSdkVersion
		INJECTED from AndroidManifest.xml
		ADDED from AndroidManifest.xml
		INJECTED from AndroidManifest.xml
meta-data#com.google.android.gms.version
ADDED from [com.firebaseui:firebase-ui-database:1.2.0] AndroidManifest.xml:14:9-16:69
MERGED from [com.google.android.gms:play-services-basement:15.0.1] AndroidManifest.xml:23:9-25:69
MERGED from [com.google.android.gms:play-services-basement:15.0.1] AndroidManifest.xml:23:9-25:69
	android:value
		ADDED from [com.firebaseui:firebase-ui-database:1.2.0] AndroidManifest.xml:16:13-66
	android:name
		ADDED from [com.firebaseui:firebase-ui-database:1.2.0] AndroidManifest.xml:15:13-58
service#com.google.firebase.messaging.FirebaseMessagingService
ADDED from [com.google.firebase:firebase-messaging:12.0.1] AndroidManifest.xml:28:9-34:19
	android:exported
		ADDED from [com.google.firebase:firebase-messaging:12.0.1] AndroidManifest.xml:30:13-36
	android:name
		ADDED from [com.google.firebase:firebase-messaging:12.0.1] AndroidManifest.xml:29:13-82
intent-filter#action:name:com.google.firebase.MESSAGING_EVENT
ADDED from [com.google.firebase:firebase-messaging:12.0.1] AndroidManifest.xml:31:13-33:29
	android:priority
		ADDED from [com.google.firebase:firebase-messaging:12.0.1] AndroidManifest.xml:31:28-51
action#com.google.firebase.MESSAGING_EVENT
ADDED from [com.google.firebase:firebase-messaging:12.0.1] AndroidManifest.xml:32:17-78
	android:name
		ADDED from [com.google.firebase:firebase-messaging:12.0.1] AndroidManifest.xml:32:25-75
activity#com.google.firebase.auth.internal.FederatedSignInActivity
ADDED from [com.google.firebase:firebase-auth:16.0.1] AndroidManifest.xml:23:9-29:75
	android:excludeFromRecents
		ADDED from [com.google.firebase:firebase-auth:16.0.1] AndroidManifest.xml:25:13-46
	android:launchMode
		ADDED from [com.google.firebase:firebase-auth:16.0.1] AndroidManifest.xml:27:13-48
	android:exported
		ADDED from [com.google.firebase:firebase-auth:16.0.1] AndroidManifest.xml:26:13-36
	android:permission
		ADDED from [com.google.firebase:firebase-auth:16.0.1] AndroidManifest.xml:28:13-102
	android:theme
		ADDED from [com.google.firebase:firebase-auth:16.0.1] AndroidManifest.xml:29:13-72
	android:name
		ADDED from [com.google.firebase:firebase-auth:16.0.1] AndroidManifest.xml:24:13-85
service#com.google.firebase.components.ComponentDiscoveryService
ADDED from [com.google.firebase:firebase-auth:16.0.1] AndroidManifest.xml:31:9-35:19
MERGED from [com.google.firebase:firebase-measurement-connector-impl:17.0.1] AndroidManifest.xml:27:9-31:19
MERGED from [com.google.firebase:firebase-measurement-connector-impl:17.0.1] AndroidManifest.xml:27:9-31:19
MERGED from [com.google.firebase:firebase-iid:16.0.0] AndroidManifest.xml:35:9-39:19
MERGED from [com.google.firebase:firebase-iid:16.0.0] AndroidManifest.xml:35:9-39:19
	android:name